#
# A fatal error has been detected by the Java Runtime Environment:
#
#  EXCEPTION_ACCESS_VIOLATION (0xc0000005) at pc=0x0000000063d5e186, pid=13420, tid=0x0000000000004e30
#
# JRE version: OpenJDK Runtime Environment (8.0_212-b04) (build 1.8.0_212-release-1586-b04)
# Java VM: OpenJDK 64-Bit Server VM (25.212-b04 mixed mode windows-amd64 compressed oops)
# Problematic frame:
# V  [jvm.dll+0x3e186]
#
# Failed to write core dump. Minidumps are not enabled by default on client versions of Windows
#
# If you would like to submit a bug report, please visit:
#   
#

---------------  T H R E A D  ---------------

Current thread (0x00000000027a3800):  GCTaskThread [stack: 0x0000000012750000,0x0000000012850000] [id=20016]

siginfo: ExceptionCode=0xc0000005, reading address 0x000000102000013f

Registers:
RAX=0x0000000064339390, RBX=0x0000000000000000, RCX=0x00000000ea86af48, RDX=0x000000001284f860
RSP=0x000000001284f7e0, RBP=0x0000000000000000, RSI=0x000000102000003f, RDI=0x00000000ea86af18
R8 =0x00000001008d1428, R9 =0x0000000000000001, R10=0x0000000d00000000, R11=0x0000000064339390
R12=0x000000001284f860, R13=0x00000000027a2720, R14=0x00000000027a3ee0, R15=0x00000000027a3ef0
RIP=0x0000000063d5e186, EFLAGS=0x0000000000010206

Top of Stack: (sp=0x000000001284f7e0)
0x000000001284f7e0:   0000000020308c60 0000000000000000
0x000000001284f7f0:   0000000000000000 00000000216556f0
0x000000001284f800:   000000001284f860 0000000063d5edf3
0x000000001284f810:   000000006430b601 0000000063f100fd
0x000000001284f820:   00000dd8a4860aee 000000001284f890
0x000000001284f830:   0000000064339270 00000000640f1be3
0x000000001284f840:   0000000019ffc740 000000001284f8c0
0x000000001284f850:   0000000000000000 0000000002874540
0x000000001284f860:   0000000064339390 00000000640f1d00
0x000000001284f870:   0000000002874540 00000000643395a8
0x000000001284f880:   00000000027a3800 0000000002874540
0x000000001284f890:   0000000064339598 0000000002792700
0x000000001284f8a0:   0000000064339500 00000000640dfc00
0x000000001284f8b0:   0000000002874540 0000000000000000
0x000000001284f8c0:   0000000019ffc740 00000000027a3800
0x000000001284f8d0:   0000000000000000 00000000640e0a0e 

Instructions: (pc=0x0000000063d5e186)
0x0000000063d5e166:   30 5f c3 cc cc cc cc cc cc cc 48 89 74 24 20 41
0x0000000063d5e176:   54 48 83 ec 20 48 8b 31 4c 8b e2 48 85 f6 74 74
0x0000000063d5e186:   44 8b 8e 00 01 00 00 4c 8b c6 e8 ab fe ff ff 48
0x0000000063d5e196:   8b b6 08 01 00 00 48 85 f6 74 59 48 89 5c 24 30 


Register to memory mapping:

RAX=0x0000000064339390 is an unknown value
RBX=0x0000000000000000 is an unknown value
RCX=0x00000000ea86af48 is an oop

[error occurred during error reporting (printing register info), id 0xc0000005]

Stack: [0x0000000012750000,0x0000000012850000],  sp=0x000000001284f7e0,  free space=1021k
Native frames: (J=compiled Java code, j=interpreted, Vv=VM code, C=native code)


---------------  P R O C E S S  ---------------

Java Threads: ( => current thread )
  0x000000001d5fa000 JavaThread "Cache worker for file content cache (C:\Users\tarik\AndroidStudioProjects\ProfessionalArtBook\.gradle\5.6.4\fileContent)" [_thread_blocked, id=19248, stack(0x0000000024130000,0x0000000024230000)]
  0x000000001d5f8000 JavaThread "Cache worker for Build Output Cleanup Cache (C:\Users\tarik\AndroidStudioProjects\ProfessionalArtBook\.gradle\buildOutputCleanup)" [_thread_blocked, id=14784, stack(0x00000000235f0000,0x00000000236f0000)]
  0x0000000027878000 JavaThread "Build operations Thread 8" [_thread_blocked, id=19868, stack(0x0000000022cf0000,0x0000000022df0000)]
  0x0000000027877000 JavaThread "Build operations Thread 7" [_thread_blocked, id=18920, stack(0x0000000022bf0000,0x0000000022cf0000)]
  0x0000000027876800 JavaThread "Build operations Thread 6" [_thread_blocked, id=16380, stack(0x0000000022af0000,0x0000000022bf0000)]
  0x0000000027874000 JavaThread "Build operations Thread 5" [_thread_blocked, id=15940, stack(0x00000000229f0000,0x0000000022af0000)]
  0x0000000027875000 JavaThread "Build operations Thread 4" [_thread_blocked, id=7608, stack(0x00000000228f0000,0x00000000229f0000)]
  0x0000000027873800 JavaThread "Build operations Thread 3" [_thread_blocked, id=16748, stack(0x00000000227f0000,0x00000000228f0000)]
  0x0000000027875800 JavaThread "Build operations Thread 2" [_thread_blocked, id=20000, stack(0x000000001f9e0000,0x000000001fae0000)]
  0x0000000027878800 JavaThread "Build operations" [_thread_blocked, id=16404, stack(0x000000001f8e0000,0x000000001f9e0000)]
  0x000000002786c000 JavaThread "Cache worker for cache directory md-rule (C:\Users\tarik\.gradle\caches\5.6.4\md-rule)" [_thread_blocked, id=16100, stack(0x000000001f7e0000,0x000000001f8e0000)]
  0x000000002786e000 JavaThread "Cache worker for cache directory md-supplier (C:\Users\tarik\.gradle\caches\5.6.4\md-supplier)" [_thread_blocked, id=18496, stack(0x000000001f6e0000,0x000000001f7e0000)]
  0x0000000027872800 JavaThread "Cache worker for file hash cache (C:\Users\tarik\AndroidStudioProjects\ProfessionalArtBook\.gradle\5.6.4\fileHashes)" [_thread_blocked, id=12432, stack(0x000000001ca40000,0x000000001cb40000)]
  0x000000002786c800 JavaThread "Thread-164" [_thread_blocked, id=6252, stack(0x000000001c940000,0x000000001ca40000)]
  0x000000002786d800 JavaThread "Stdin handler" [_thread_blocked, id=17780, stack(0x000000001c840000,0x000000001c940000)]
  0x000000002786b000 JavaThread "Asynchronous log dispatcher for DefaultDaemonConnection: socket connection from /127.0.0.1:55352 to /127.0.0.1:55681" [_thread_blocked, id=8876, stack(0x000000001c540000,0x000000001c640000)]
  0x0000000027871000 JavaThread "Cancel handler" [_thread_blocked, id=5612, stack(0x0000000000c40000,0x0000000000d40000)]
  0x0000000027869800 JavaThread "Handler for socket connection from /127.0.0.1:55352 to /127.0.0.1:55681" [_thread_in_native, id=14956, stack(0x0000000000b40000,0x0000000000c40000)]
  0x0000000027872000 JavaThread "ForkJoinPool.commonPool-worker-2" daemon [_thread_blocked, id=13428, stack(0x0000000029c90000,0x0000000029d90000)]
  0x000000002786a800 JavaThread "ForkJoinPool.commonPool-worker-1" daemon [_thread_blocked, id=18564, stack(0x0000000029b90000,0x0000000029c90000)]
  0x000000002786f800 JavaThread "ForkJoinPool.commonPool-worker-0" daemon [_thread_blocked, id=912, stack(0x0000000029a90000,0x0000000029b90000)]
  0x0000000027870800 JavaThread "ForkJoinPool.commonPool-worker-7" daemon [_thread_blocked, id=7300, stack(0x0000000029990000,0x0000000029a90000)]
  0x000000002786f000 JavaThread "ForkJoinPool.commonPool-worker-6" daemon [_thread_blocked, id=3344, stack(0x0000000029780000,0x0000000029880000)]
  0x000000002020e000 JavaThread "Daemon worker Thread 5" [_thread_blocked, id=19912, stack(0x000000001c440000,0x000000001c540000)]
  0x0000000020209800 JavaThread "Daemon Thread 5" [_thread_blocked, id=18156, stack(0x0000000000a40000,0x0000000000b40000)]
  0x0000000020211000 JavaThread "Cache worker for file content cache (C:\Users\tarik\.gradle\caches\5.6.4\fileContent)" [_thread_blocked, id=16084, stack(0x0000000023e00000,0x0000000023f00000)]
  0x0000000020210000 JavaThread "Memory manager" [_thread_blocked, id=8808, stack(0x00000000238f0000,0x00000000239f0000)]
  0x000000001af8d000 JavaThread "Cache worker for execution history cache (C:\Users\tarik\.gradle\caches\5.6.4\executionHistory)" [_thread_blocked, id=19140, stack(0x0000000021520000,0x0000000021620000)]
  0x000000001af8d800 JavaThread "Cache worker for journal cache (C:\Users\tarik\.gradle\caches\journal-1)" [_thread_blocked, id=8856, stack(0x000000001d040000,0x000000001d140000)]
  0x000000001af88000 JavaThread "File lock request listener" [_thread_in_native, id=6212, stack(0x000000001cf40000,0x000000001d040000)]
  0x000000001adc5000 JavaThread "Cache worker for file hash cache (C:\Users\tarik\.gradle\caches\5.6.4\fileHashes)" [_thread_blocked, id=6300, stack(0x000000001ce40000,0x000000001cf40000)]
  0x000000001ad30800 JavaThread "Daemon periodic checks" [_thread_blocked, id=708, stack(0x000000001c340000,0x000000001c440000)]
  0x000000001aca4800 JavaThread "Incoming local TCP Connector on port 55352" [_thread_in_native, id=19560, stack(0x000000001c100000,0x000000001c200000)]
  0x000000001abcf000 JavaThread "Daemon health stats" [_thread_blocked, id=18836, stack(0x000000001bac0000,0x000000001bbc0000)]
  0x00000000184c3000 JavaThread "Service Thread" daemon [_thread_blocked, id=15840, stack(0x0000000019120000,0x0000000019220000)]
  0x000000001847a000 JavaThread "C1 CompilerThread3" daemon [_thread_blocked, id=11992, stack(0x0000000019020000,0x0000000019120000)]
  0x0000000018477000 JavaThread "C2 CompilerThread2" daemon [_thread_blocked, id=9868, stack(0x0000000018f20000,0x0000000019020000)]
  0x000000001846f000 JavaThread "C2 CompilerThread1" daemon [_thread_blocked, id=16576, stack(0x0000000018e20000,0x0000000018f20000)]
  0x0000000016648800 JavaThread "C2 CompilerThread0" daemon [_thread_blocked, id=15572, stack(0x0000000018d20000,0x0000000018e20000)]
  0x0000000018464000 JavaThread "Attach Listener" daemon [_thread_blocked, id=20168, stack(0x0000000018c20000,0x0000000018d20000)]
  0x0000000018463000 JavaThread "Signal Dispatcher" daemon [_thread_blocked, id=5364, stack(0x0000000018b20000,0x0000000018c20000)]
  0x0000000018451000 JavaThread "Finalizer" daemon [_thread_blocked, id=18040, stack(0x0000000018930000,0x0000000018a30000)]
  0x0000000018450800 JavaThread "Reference Handler" daemon [_thread_blocked, id=1652, stack(0x0000000018830000,0x0000000018930000)]
  0x000000000265e800 JavaThread "main" [_thread_blocked, id=19536, stack(0x0000000002680000,0x0000000002780000)]

Other Threads:
  0x0000000016636000 VMThread [stack: 0x0000000018330000,0x0000000018430000] [id=19288]
  0x00000000184c4000 WatcherThread [stack: 0x0000000019220000,0x0000000019320000] [id=13896]

=>0x00000000027a3800 (exited) GCTaskThread [stack: 0x0000000012750000,0x0000000012850000] [id=20016]

VM state:at safepoint (normal execution)

VM Mutex/Monitor currently owned by a thread:  ([mutex/lock_event])
[0x000000000265d5a0] Threads_lock - owner thread: 0x0000000016636000
[0x000000000265d1a0] Heap_lock - owner thread: 0x000000002020e000

heap address: 0x00000000a0000000, size: 1536 MB, Compressed Oops mode: 32-bit
Narrow klass base: 0x0000000000000000, Narrow klass shift: 3
Compressed class space size: 1073741824 Address: 0x0000000100000000

Heap:
 PSYoungGen      total 198144K, used 197889K [0x00000000e0000000, 0x00000000ef680000, 0x0000000100000000)
  eden space 187392K, 100% used [0x00000000e0000000,0x00000000eb700000,0x00000000eb700000)
  from space 10752K, 97% used [0x00000000eec00000,0x00000000ef640570,0x00000000ef680000)
  to   space 25600K, 30% used [0x00000000ec480000,0x00000000ecc1a368,0x00000000edd80000)
 ParOldGen       total 224256K, used 52960K [0x00000000a0000000, 0x00000000adb00000, 0x00000000e0000000)
  object space 224256K, 23% used [0x00000000a0000000,0x00000000a33b8170,0x00000000adb00000)
 Metaspace       used 76592K, capacity 80452K, committed 80472K, reserved 1118208K
  class space    used 10059K, capacity 10829K, committed 10840K, reserved 1048576K

Card table byte_map: [0x0000000011c40000,0x0000000011f50000] byte_map_base: 0x0000000011740000

Marking Bits: (ParMarkBitMap*) 0x00000000644e9f30
 Begin Bits: [0x0000000012950000, 0x0000000014150000)
 End Bits:   [0x0000000014150000, 0x0000000015950000)

Polling page: 0x00000000005f0000

CodeCache: size=245760Kb used=35103Kb max_used=35193Kb free=210656Kb
 bounds [0x0000000002880000, 0x0000000004b10000, 0x0000000011880000]
 total_blobs=11928 nmethods=11073 adapters=767
 compilation: enabled

Compilation events (10 events):
Event: 2010.569 Thread 0x000000001847a000 nmethod 13015 0x00000000033a5f10 code [0x00000000033a6080, 0x00000000033a6310]
Event: 2010.569 Thread 0x000000001847a000 13016       3       com.android.repository.impl.meta.SchemaModuleUtil$NamespaceFallbackFilter::startElement (59 bytes)
Event: 2010.570 Thread 0x000000001847a000 nmethod 13016 0x0000000003c1a2d0 code [0x0000000003c1a4a0, 0x0000000003c1ac18]
Event: 2010.570 Thread 0x000000001847a000 13017       3       org.xml.sax.helpers.AttributesImpl::<init> (10 bytes)
Event: 2010.570 Thread 0x000000001847a000 nmethod 13017 0x0000000003c19e90 code [0x0000000003c1a000, 0x0000000003c1a1e8]
Event: 2010.570 Thread 0x000000001847a000 13018       1       com.android.repository.api.SchemaModule$SchemaModuleVersion::getObjectFactory (5 bytes)
Event: 2010.570 Thread 0x000000001847a000 nmethod 13018 0x00000000033a5c50 code [0x00000000033a5da0, 0x00000000033a5eb0]
Event: 2010.570 Thread 0x000000001846f000 13019       4       com.sun.org.apache.xerces.internal.impl.io.UTF8Reader::read (1443 bytes)
Event: 2010.570 Thread 0x000000001847a000 13020   !   3       com.sun.xml.bind.v2.runtime.unmarshaller.UnmarshallingContext::text (61 bytes)
Event: 2010.571 Thread 0x000000001847a000 nmethod 13020 0x00000000032f4ed0 code [0x00000000032f51e0, 0x00000000032f6e68]

GC Heap History (10 events):
Event: 7.533 GC heap after
Heap after GC invocations=11 (full 2):
 PSYoungGen      total 195584K, used 14333K [0x00000000e0000000, 0x00000000ee300000, 0x0000000100000000)
  eden space 181248K, 0% used [0x00000000e0000000,0x00000000e0000000,0x00000000eb100000)
  from space 14336K, 99% used [0x00000000eb100000,0x00000000ebeff790,0x00000000ebf00000)
  to   space 19456K, 0% used [0x00000000ed000000,0x00000000ed000000,0x00000000ee300000)
 ParOldGen       total 145408K, used 27711K [0x00000000a0000000, 0x00000000a8e00000, 0x00000000e0000000)
  object space 145408K, 19% used [0x00000000a0000000,0x00000000a1b0fe00,0x00000000a8e00000)
 Metaspace       used 57049K, capacity 59004K, committed 59096K, reserved 1099776K
  class space    used 7901K, capacity 8361K, committed 8408K, reserved 1048576K
}
Event: 7.533 GC heap before
{Heap before GC invocations=12 (full 3):
 PSYoungGen      total 195584K, used 14333K [0x00000000e0000000, 0x00000000ee300000, 0x0000000100000000)
  eden space 181248K, 0% used [0x00000000e0000000,0x00000000e0000000,0x00000000eb100000)
  from space 14336K, 99% used [0x00000000eb100000,0x00000000ebeff790,0x00000000ebf00000)
  to   space 19456K, 0% used [0x00000000ed000000,0x00000000ed000000,0x00000000ee300000)
 ParOldGen       total 145408K, used 27711K [0x00000000a0000000, 0x00000000a8e00000, 0x00000000e0000000)
  object space 145408K, 19% used [0x00000000a0000000,0x00000000a1b0fe00,0x00000000a8e00000)
 Metaspace       used 57049K, capacity 59004K, committed 59096K, reserved 1099776K
  class space    used 7901K, capacity 8361K, committed 8408K, reserved 1048576K
Event: 7.746 GC heap after
Heap after GC invocations=12 (full 3):
 PSYoungGen      total 195584K, used 0K [0x00000000e0000000, 0x00000000ee300000, 0x0000000100000000)
  eden space 181248K, 0% used [0x00000000e0000000,0x00000000e0000000,0x00000000eb100000)
  from space 14336K, 0% used [0x00000000eb100000,0x00000000eb100000,0x00000000ebf00000)
  to   space 19456K, 0% used [0x00000000ed000000,0x00000000ed000000,0x00000000ee300000)
 ParOldGen       total 224256K, used 37517K [0x00000000a0000000, 0x00000000adb00000, 0x00000000e0000000)
  object space 224256K, 16% used [0x00000000a0000000,0x00000000a24a3760,0x00000000adb00000)
 Metaspace       used 56937K, capacity 58692K, committed 59096K, reserved 1099776K
  class space    used 7867K, capacity 8301K, committed 8408K, reserved 1048576K
}
Event: 9.994 GC heap before
{Heap before GC invocations=13 (full 3):
 PSYoungGen      total 195584K, used 181248K [0x00000000e0000000, 0x00000000ee300000, 0x0000000100000000)
  eden space 181248K, 100% used [0x00000000e0000000,0x00000000eb100000,0x00000000eb100000)
  from space 14336K, 0% used [0x00000000eb100000,0x00000000eb100000,0x00000000ebf00000)
  to   space 19456K, 0% used [0x00000000ed000000,0x00000000ed000000,0x00000000ee300000)
 ParOldGen       total 224256K, used 37517K [0x00000000a0000000, 0x00000000adb00000, 0x00000000e0000000)
  object space 224256K, 16% used [0x00000000a0000000,0x00000000a24a3760,0x00000000adb00000)
 Metaspace       used 63204K, capacity 65762K, committed 65880K, reserved 1105920K
  class space    used 8686K, capacity 9234K, committed 9304K, reserved 1048576K
Event: 10.007 GC heap after
Heap after GC invocations=13 (full 3):
 PSYoungGen      total 211456K, used 17230K [0x00000000e0000000, 0x00000000ef500000, 0x0000000100000000)
  eden space 192000K, 0% used [0x00000000e0000000,0x00000000e0000000,0x00000000ebb80000)
  from space 19456K, 88% used [0x00000000ed000000,0x00000000ee0d3b80,0x00000000ee300000)
  to   space 20992K, 0% used [0x00000000ebb80000,0x00000000ebb80000,0x00000000ed000000)
 ParOldGen       total 224256K, used 37525K [0x00000000a0000000, 0x00000000adb00000, 0x00000000e0000000)
  object space 224256K, 16% used [0x00000000a0000000,0x00000000a24a5760,0x00000000adb00000)
 Metaspace       used 63204K, capacity 65762K, committed 65880K, reserved 1105920K
  class space    used 8686K, capacity 9234K, committed 9304K, reserved 1048576K
}
Event: 314.786 GC heap before
{Heap before GC invocations=14 (full 3):
 PSYoungGen      total 211456K, used 209085K [0x00000000e0000000, 0x00000000ef500000, 0x0000000100000000)
  eden space 192000K, 99% used [0x00000000e0000000,0x00000000ebb5ba10,0x00000000ebb80000)
  from space 19456K, 88% used [0x00000000ed000000,0x00000000ee0d3b80,0x00000000ee300000)
  to   space 20992K, 0% used [0x00000000ebb80000,0x00000000ebb80000,0x00000000ed000000)
 ParOldGen       total 224256K, used 37525K [0x00000000a0000000, 0x00000000adb00000, 0x00000000e0000000)
  object space 224256K, 16% used [0x00000000a0000000,0x00000000a24a5760,0x00000000adb00000)
 Metaspace       used 70497K, capacity 73448K, committed 73560K, reserved 1112064K
  class space    used 9464K, capacity 10053K, committed 10072K, reserved 1048576K
Event: 314.806 GC heap after
Heap after GC invocations=14 (full 3):
 PSYoungGen      total 212992K, used 20979K [0x00000000e0000000, 0x00000000f0580000, 0x0000000100000000)
  eden space 192000K, 0% used [0x00000000e0000000,0x00000000e0000000,0x00000000ebb80000)
  from space 20992K, 99% used [0x00000000ebb80000,0x00000000ecffcc80,0x00000000ed000000)
  to   space 26112K, 0% used [0x00000000eec00000,0x00000000eec00000,0x00000000f0580000)
 ParOldGen       total 224256K, used 44418K [0x00000000a0000000, 0x00000000adb00000, 0x00000000e0000000)
  object space 224256K, 19% used [0x00000000a0000000,0x00000000a2b60b60,0x00000000adb00000)
 Metaspace       used 70497K, capacity 73448K, committed 73560K, reserved 1112064K
  class space    used 9464K, capacity 10053K, committed 10072K, reserved 1048576K
}
Event: 885.873 GC heap before
{Heap before GC invocations=15 (full 3):
 PSYoungGen      total 212992K, used 212979K [0x00000000e0000000, 0x00000000f0580000, 0x0000000100000000)
  eden space 192000K, 100% used [0x00000000e0000000,0x00000000ebb80000,0x00000000ebb80000)
  from space 20992K, 99% used [0x00000000ebb80000,0x00000000ecffcc80,0x00000000ed000000)
  to   space 26112K, 0% used [0x00000000eec00000,0x00000000eec00000,0x00000000f0580000)
 ParOldGen       total 224256K, used 44418K [0x00000000a0000000, 0x00000000adb00000, 0x00000000e0000000)
  object space 224256K, 19% used [0x00000000a0000000,0x00000000a2b60b60,0x00000000adb00000)
 Metaspace       used 71620K, capacity 74912K, committed 74968K, reserved 1114112K
  class space    used 9519K, capacity 10179K, committed 10200K, reserved 1048576K
Event: 885.885 GC heap after
Heap after GC invocations=15 (full 3):
 PSYoungGen      total 198144K, used 10497K [0x00000000e0000000, 0x00000000ef680000, 0x0000000100000000)
  eden space 187392K, 0% used [0x00000000e0000000,0x00000000e0000000,0x00000000eb700000)
  from space 10752K, 97% used [0x00000000eec00000,0x00000000ef640570,0x00000000ef680000)
  to   space 25600K, 0% used [0x00000000ec480000,0x00000000ec480000,0x00000000edd80000)
 ParOldGen       total 224256K, used 52952K [0x00000000a0000000, 0x00000000adb00000, 0x00000000e0000000)
  object space 224256K, 23% used [0x00000000a0000000,0x00000000a33b6170,0x00000000adb00000)
 Metaspace       used 71620K, capacity 74912K, committed 74968K, reserved 1114112K
  class space    used 9519K, capacity 10179K, committed 10200K, reserved 1048576K
}
Event: 2010.574 GC heap before
{Heap before GC invocations=16 (full 3):
 PSYoungGen      total 198144K, used 197889K [0x00000000e0000000, 0x00000000ef680000, 0x0000000100000000)
  eden space 187392K, 100% used [0x00000000e0000000,0x00000000eb700000,0x00000000eb700000)
  from space 10752K, 97% used [0x00000000eec00000,0x00000000ef640570,0x00000000ef680000)
  to   space 25600K, 0% used [0x00000000ec480000,0x00000000ec480000,0x00000000edd80000)
 ParOldGen       total 224256K, used 52952K [0x00000000a0000000, 0x00000000adb00000, 0x00000000e0000000)
  object space 224256K, 23% used [0x00000000a0000000,0x00000000a33b6170,0x00000000adb00000)
 Metaspace       used 76592K, capacity 80452K, committed 80472K, reserved 1118208K
  class space    used 10059K, capacity 10829K, committed 10840K, reserved 1048576K

Deoptimization events (10 events):
Event: 2010.258 Thread 0x000000002020e000 Uncommon trap: reason=array_check action=maybe_recompile pc=0x00000000048f94d0 method=com.google.common.collect.RegularImmutableMap.fromEntryArray(I[Ljava/util/Map$Entry;)Lcom/google/common/collect/ImmutableMap; @ 157
Event: 2010.279 Thread 0x000000002020e000 Uncommon trap: reason=null_check action=make_not_entrant pc=0x0000000004a45e20 method=org.gradle.api.internal.collections.CollectionFilter.filter(Ljava/lang/Object;)Ljava/lang/Object; @ 5
Event: 2010.316 Thread 0x000000002020e000 Uncommon trap: reason=class_check action=maybe_recompile pc=0x000000000347f880 method=java.lang.Throwable.<init>(Ljava/lang/String;Ljava/lang/Throwable;)V @ 24
Event: 2010.318 Thread 0x000000002020e000 Uncommon trap: reason=unstable_if action=reinterpret pc=0x0000000003a617a8 method=org.gradle.internal.logging.text.AbstractLineChoppingStyledTextOutput$2.execute(Lorg/gradle/internal/logging/text/AbstractLineChoppingStyledTextOutput$StateContext;)V @ 30
Event: 2010.318 Thread 0x000000002020e000 Uncommon trap: reason=unstable_if action=reinterpret pc=0x0000000002c8830c method=org.gradle.internal.logging.text.AbstractLineChoppingStyledTextOutput$2.execute(Lorg/gradle/internal/logging/text/AbstractLineChoppingStyledTextOutput$StateContext;)V @ 30
Event: 2010.318 Thread 0x000000002020e000 Uncommon trap: reason=class_check action=maybe_recompile pc=0x0000000003fd0930 method=org.gradle.internal.operations.logging.LoggingBuildOperationProgressBroadcaster.onOutput(Lorg/gradle/internal/logging/events/OutputEvent;)V @ 8
Event: 2010.331 Thread 0x000000002020e000 Uncommon trap: reason=class_check action=maybe_recompile pc=0x000000000347f880 method=java.lang.Throwable.<init>(Ljava/lang/String;Ljava/lang/Throwable;)V @ 24
Event: 2010.332 Thread 0x000000002020e000 Uncommon trap: reason=class_check action=maybe_recompile pc=0x0000000003fd0930 method=org.gradle.internal.operations.logging.LoggingBuildOperationProgressBroadcaster.onOutput(Lorg/gradle/internal/logging/events/OutputEvent;)V @ 8
Event: 2010.482 Thread 0x000000002020e000 Uncommon trap: reason=unstable_if action=reinterpret pc=0x0000000004589968 method=com.sun.org.apache.xerces.internal.impl.io.UTF8Reader.read([CII)I @ 131
Event: 2010.482 Thread 0x000000002020e000 Uncommon trap: reason=unstable_if action=reinterpret pc=0x0000000003857f8c method=java.util.regex.Pattern$Ctype.isSatisfiedBy(I)Z @ 4

Classes redefined (0 events):
No events

Internal exceptions (10 events):
Event: 2010.565 Thread 0x000000002020e000 Exception <a 'sun/nio/fs/WindowsException'> (0x00000000eb49b938) thrown at [D:\src\AOSP-openjdk-cygwin\jdk8u\hotspot\src\share\vm\prims\jni.cpp, line 710]
Event: 2010.565 Thread 0x000000002020e000 Exception <a 'sun/nio/fs/WindowsException'> (0x00000000eb49c3d8) thrown at [D:\src\AOSP-openjdk-cygwin\jdk8u\hotspot\src\share\vm\prims\jni.cpp, line 710]
Event: 2010.566 Thread 0x000000002020e000 Exception <a 'sun/nio/fs/WindowsException'> (0x00000000eb49f3b8) thrown at [D:\src\AOSP-openjdk-cygwin\jdk8u\hotspot\src\share\vm\prims\jni.cpp, line 710]
Event: 2010.566 Thread 0x000000002020e000 Exception <a 'sun/nio/fs/WindowsException'> (0x00000000eb49fe68) thrown at [D:\src\AOSP-openjdk-cygwin\jdk8u\hotspot\src\share\vm\prims\jni.cpp, line 710]
Event: 2010.566 Thread 0x000000002020e000 Exception <a 'sun/nio/fs/WindowsException'> (0x00000000eb4a2020) thrown at [D:\src\AOSP-openjdk-cygwin\jdk8u\hotspot\src\share\vm\prims\jni.cpp, line 710]
Event: 2010.566 Thread 0x000000002020e000 Exception <a 'sun/nio/fs/WindowsException'> (0x00000000eb4a2ad8) thrown at [D:\src\AOSP-openjdk-cygwin\jdk8u\hotspot\src\share\vm\prims\jni.cpp, line 710]
Event: 2010.566 Thread 0x000000002020e000 Exception <a 'sun/nio/fs/WindowsException'> (0x00000000eb4a5c78) thrown at [D:\src\AOSP-openjdk-cygwin\jdk8u\hotspot\src\share\vm\prims\jni.cpp, line 710]
Event: 2010.566 Thread 0x000000002020e000 Exception <a 'sun/nio/fs/WindowsException'> (0x00000000eb4a6740) thrown at [D:\src\AOSP-openjdk-cygwin\jdk8u\hotspot\src\share\vm\prims\jni.cpp, line 710]
Event: 2010.566 Thread 0x000000002020e000 Exception <a 'sun/nio/fs/WindowsException'> (0x00000000eb4a8970) thrown at [D:\src\AOSP-openjdk-cygwin\jdk8u\hotspot\src\share\vm\prims\jni.cpp, line 710]
Event: 2010.566 Thread 0x000000002020e000 Exception <a 'sun/nio/fs/WindowsException'> (0x00000000eb4a9440) thrown at [D:\src\AOSP-openjdk-cygwin\jdk8u\hotspot\src\share\vm\prims\jni.cpp, line 710]

Events (10 events):
Event: 2010.568 Thread 0x000000002020e000 DEOPT UNPACKING pc=0x00000000028c75d0 sp=0x000000001c53ab98 mode 0
Event: 2010.570 Thread 0x000000002020e000 DEOPT PACKING pc=0x00000000030eedfd sp=0x000000001c53aec0
Event: 2010.570 Thread 0x000000002020e000 DEOPT UNPACKING pc=0x00000000028c75d0 sp=0x000000001c53ac68 mode 0
Event: 2010.570 Thread 0x000000002020e000 DEOPT PACKING pc=0x00000000030eedfd sp=0x000000001c53adf0
Event: 2010.570 Thread 0x000000002020e000 DEOPT UNPACKING pc=0x00000000028c75d0 sp=0x000000001c53ab98 mode 0
Event: 2010.573 Thread 0x000000002020e000 DEOPT PACKING pc=0x00000000030eedfd sp=0x000000001c53aec0
Event: 2010.573 Thread 0x000000002020e000 DEOPT UNPACKING pc=0x00000000028c75d0 sp=0x000000001c53ac68 mode 0
Event: 2010.573 Thread 0x000000002020e000 DEOPT PACKING pc=0x00000000030eedfd sp=0x000000001c53adf0
Event: 2010.573 Thread 0x000000002020e000 DEOPT UNPACKING pc=0x00000000028c75d0 sp=0x000000001c53ab98 mode 0
Event: 2010.574 Executing VM operation: ParallelGCFailedAllocation


Dynamic libraries:
0x00007ff787b90000 - 0x00007ff787bc1000 	C:\Program Files\Android\Android Studio\jre\bin\java.exe
0x00007ffa00780000 - 0x00007ffa00970000 	C:\Windows\SYSTEM32\ntdll.dll
0x00007ffa00680000 - 0x00007ffa00732000 	C:\Windows\System32\KERNEL32.DLL
0x00007ff9fdd30000 - 0x00007ff9fdfd3000 	C:\Windows\System32\KERNELBASE.dll
0x00007ff9ff950000 - 0x00007ff9ff9f3000 	C:\Windows\System32\ADVAPI32.dll
0x00007ff9ffa00000 - 0x00007ff9ffa9e000 	C:\Windows\System32\msvcrt.dll
0x00007ff9fea10000 - 0x00007ff9feaa7000 	C:\Windows\System32\sechost.dll
0x00007ff9ff730000 - 0x00007ff9ff850000 	C:\Windows\System32\RPCRT4.dll
0x00007ff9ffcc0000 - 0x00007ff9ffe54000 	C:\Windows\System32\USER32.dll
0x00007ff9fdfe0000 - 0x00007ff9fe001000 	C:\Windows\System32\win32u.dll
0x00007ff9ff850000 - 0x00007ff9ff876000 	C:\Windows\System32\GDI32.dll
0x00007ff9fd860000 - 0x00007ff9fd9f4000 	C:\Windows\System32\gdi32full.dll
0x00007ff9fdc90000 - 0x00007ff9fdd2e000 	C:\Windows\System32\msvcp_win.dll
0x00007ff9fd760000 - 0x00007ff9fd85a000 	C:\Windows\System32\ucrtbase.dll
0x00007ff9edac0000 - 0x00007ff9edd45000 	C:\Windows\WinSxS\amd64_microsoft.windows.common-controls_6595b64144ccf1df_6.0.18362.752_none_e6c0b5ed1312b70c\COMCTL32.dll
0x00007ff9ff3f0000 - 0x00007ff9ff726000 	C:\Windows\System32\combase.dll
0x00007ff9fe010000 - 0x00007ff9fe090000 	C:\Windows\System32\bcryptPrimitives.dll
0x00007ffa003c0000 - 0x00007ffa003ee000 	C:\Windows\System32\IMM32.DLL
0x0000000061920000 - 0x00000000619f2000 	C:\Program Files\Android\Android Studio\jre\jre\bin\msvcr100.dll
0x0000000063d20000 - 0x0000000064566000 	C:\Program Files\Android\Android Studio\jre\jre\bin\server\jvm.dll
0x00007ff9ff3e0000 - 0x00007ff9ff3e8000 	C:\Windows\System32\PSAPI.DLL
0x00007ff9fb8b0000 - 0x00007ff9fb8b9000 	C:\Windows\SYSTEM32\WSOCK32.dll
0x00007ff9fb790000 - 0x00007ff9fb7b4000 	C:\Windows\SYSTEM32\WINMM.dll
0x00007ff9f5280000 - 0x00007ff9f528a000 	C:\Windows\SYSTEM32\VERSION.dll
0x00007ff9ffaa0000 - 0x00007ff9ffb0f000 	C:\Windows\System32\WS2_32.dll
0x00007ff9fb730000 - 0x00007ff9fb75d000 	C:\Windows\SYSTEM32\winmmbase.dll
0x00007ff9fd710000 - 0x00007ff9fd75a000 	C:\Windows\System32\cfgmgr32.dll
0x00007ff9fa150000 - 0x00007ff9fa15f000 	C:\Program Files\Android\Android Studio\jre\jre\bin\verify.dll
0x00007ff9fa050000 - 0x00007ff9fa079000 	C:\Program Files\Android\Android Studio\jre\jre\bin\java.dll
0x00007ff9f91d0000 - 0x00007ff9f91e6000 	C:\Program Files\Android\Android Studio\jre\jre\bin\zip.dll
0x00007ff9feb80000 - 0x00007ff9ff265000 	C:\Windows\System32\SHELL32.dll
0x00007ffa00570000 - 0x00007ffa00619000 	C:\Windows\System32\shcore.dll
0x00007ff9fe0b0000 - 0x00007ff9fe830000 	C:\Windows\System32\windows.storage.dll
0x00007ff9fd670000 - 0x00007ff9fd693000 	C:\Windows\System32\profapi.dll
0x00007ff9fd6c0000 - 0x00007ff9fd70a000 	C:\Windows\System32\powrprof.dll
0x00007ff9fd640000 - 0x00007ff9fd650000 	C:\Windows\System32\UMPDC.dll
0x00007ffa00620000 - 0x00007ffa00672000 	C:\Windows\System32\shlwapi.dll
0x00007ff9fd650000 - 0x00007ff9fd661000 	C:\Windows\System32\kernel.appcore.dll
0x00007ff9fe090000 - 0x00007ff9fe0a7000 	C:\Windows\System32\cryptsp.dll
0x00007ff9ebda0000 - 0x00007ff9ebdba000 	C:\Program Files\Android\Android Studio\jre\jre\bin\net.dll
0x00007ff9eeec0000 - 0x00007ff9ef095000 	C:\Windows\SYSTEM32\urlmon.dll
0x00007ff9f0100000 - 0x00007ff9f03a6000 	C:\Windows\SYSTEM32\iertutil.dll
0x00007ff9fd080000 - 0x00007ff9fd08c000 	C:\Windows\SYSTEM32\CRYPTBASE.DLL
0x00007ff9fceb0000 - 0x00007ff9fcf17000 	C:\Windows\system32\mswsock.dll
0x00007ff9ebd80000 - 0x00007ff9ebd93000 	C:\Program Files\Android\Android Studio\jre\jre\bin\nio.dll
0x00007ff9dd4c0000 - 0x00007ff9dd4e6000 	C:\Users\tarik\.gradle\native\30\windows-amd64\native-platform.dll
0x00007ff9f7b10000 - 0x00007ff9f7b1d000 	C:\Program Files\Android\Android Studio\jre\jre\bin\management.dll
0x00007ff9fca20000 - 0x00007ff9fca53000 	C:\Windows\system32\rsaenh.dll
0x00007ff9fdb50000 - 0x00007ff9fdb76000 	C:\Windows\System32\bcrypt.dll
0x00007ff9fd560000 - 0x00007ff9fd585000 	C:\Windows\SYSTEM32\USERENV.dll
0x00007ff9fcbc0000 - 0x00007ff9fcbfa000 	C:\Windows\SYSTEM32\IPHLPAPI.DLL
0x00007ff9ffe60000 - 0x00007ff9ffe68000 	C:\Windows\System32\NSI.dll
0x00007ff9f7430000 - 0x00007ff9f7446000 	C:\Windows\SYSTEM32\dhcpcsvc6.DLL
0x00007ff9f73e0000 - 0x00007ff9f73fc000 	C:\Windows\SYSTEM32\dhcpcsvc.DLL
0x00007ff9fcc00000 - 0x00007ff9fccca000 	C:\Windows\SYSTEM32\DNSAPI.dll
0x00007ff9e9190000 - 0x00007ff9e9384000 	C:\Windows\SYSTEM32\dbghelp.dll

VM Arguments:
jvm_args: -Xmx1536m -Dfile.encoding=windows-1254 -Duser.country=TR -Duser.language=tr -Duser.variant 
java_command: org.gradle.launcher.daemon.bootstrap.GradleDaemon 5.6.4
java_class_path (initial): C:\Users\tarik\.gradle\wrapper\dists\gradle-5.6.4-all\ankdp27end7byghfw1q2sw75f\gradle-5.6.4\lib\gradle-launcher-5.6.4.jar
Launcher Type: SUN_STANDARD

Environment Variables:
JAVA_HOME=C:\Program Files\Java\jdk-13.0.1\
PATH=C:\Windows\system32;C:\Windows;C:\Windows\System32\Wbem;C:\Windows\System32\WindowsPowerShell\v1.0\;C:\Windows\System32\OpenSSH\;C:\Program Files\Microsoft SQL Server\130\Tools\Binn\;C:\Program Files\Microsoft SQL Server\Client SDK\ODBC\170\Tools\Binn\;%JAVA_HOME%\bin;C:\Program Files\dotnet\;C:\Program Files\Microsoft SQL Server\Client SDK\ODBC\130\Tools\Binn\;C:\Program Files (x86)\Microsoft SQL Server\140\Tools\Binn\;C:\Program Files\Microsoft SQL Server\140\Tools\Binn\;C:\Program Files\Microsoft SQL Server\140\DTS\Binn\;C:\Program Files (x86)\Microsoft SQL Server\150\DTS\Binn\;C:\Users\tarik\AppData\Local\Microsoft\WindowsApps;
USERNAME=tarik
OS=Windows_NT
PROCESSOR_IDENTIFIER=Intel64 Family 6 Model 60 Stepping 3, GenuineIntel



---------------  S Y S T E M  ---------------

OS: Windows 10.0 , 64 bit Build 18362 (10.0.18362.752)

CPU:total 8 (initial active 8) (4 cores per cpu, 2 threads per core) family 6 model 60 stepping 3, cmov, cx8, fxsr, mmx, sse, sse2, sse3, ssse3, sse4.1, sse4.2, popcnt, avx, avx2, aes, clmul, erms, lzcnt, ht, tsc, tscinvbit, bmi1, bmi2

Memory: 4k page, physical 16657472k(6682940k free), swap 20327488k(6164888k free)

vm_info: OpenJDK 64-Bit Server VM (25.212-b04) for windows-amd64 JRE (1.8.0_212-release-1586-b04), built by "builder" with MS VC++ 10.0 (VS2010)

time: Wed Apr 08 11:25:05 2020
timezone: Türkiye Standart Saati
elapsed time: 2010 seconds (0d 0h 33m 30s)

